<?xml version="1.0" encoding="UTF-8"?>
<testng-results skipped="0" failed="0" total="1" passed="1">
  <reporter-output>
  </reporter-output>
  <suite name="Default suite" duration-ms="32" started-at="2018-04-01T05:13:00Z" finished-at="2018-04-01T05:13:00Z">
    <groups>
    </groups>
    <test name="Default test" duration-ms="32" started-at="2018-04-01T05:13:00Z" finished-at="2018-04-01T05:13:00Z">
      <class name="TestNG.bbcs.scut">
        <test-method status="PASS" signature="testname()[pri:0, instance:TestNG.bbcs.scut@36d4b5c]" name="testname" duration-ms="15" started-at="2018-04-01T13:13:00Z" finished-at="2018-04-01T13:13:00Z">
          <reporter-output>
          </reporter-output>
        </test-method> <!-- testname -->
      </class> <!-- TestNG.bbcs.scut -->
    </test> <!-- Default test -->
  </suite> <!-- Default suite -->
</testng-results>
